
> create-t3-turbo@ dev:next /workspace
> turbo watch dev -F @acme/nextjs...


Attention:
Turborepo now collects completely anonymous telemetry regarding usage.
This information is used to shape the Turborepo roadmap and prioritize features.
You can learn more, including how to opt-out if you'd not like to participate in this anonymous program, by visiting the following URL:
https://turborepo.com/docs/telemetry

turbo 2.5.4

• Packages in scope: @acme/api, @acme/auth, @acme/db, @acme/eslint-config, @acme/nextjs, @acme/prettier-config, @acme/tailwind-config, @acme/tsconfig, @acme/ui, @acme/validators
• Running dev in 10 packages
• Remote caching disabled
@acme/nextjs:dev: cache bypass, force executing 86581ab590697bee
@acme/db:dev: cache bypass, force executing b4eeaf992c798656
@acme/validators:dev: cache bypass, force executing 2494ba3aecfbebcd
@acme/nextjs:dev: 
@acme/nextjs:dev: > @acme/nextjs@0.1.0 dev /workspace/apps/nextjs
@acme/nextjs:dev: > pnpm with-env next dev --turbopack
@acme/nextjs:dev: 
@acme/validators:dev: 
@acme/validators:dev: > @acme/validators@0.1.0 dev /workspace/packages/validators
@acme/validators:dev: > tsc
@acme/validators:dev: 
@acme/db:dev: 
@acme/db:dev: > @acme/db@0.1.0 dev /workspace/packages/db
@acme/db:dev: > tsc
@acme/db:dev: 
@acme/nextjs:dev: cache bypass, force executing 86581ab590697bee
@acme/validators:dev: cache bypass, force executing 2494ba3aecfbebcd
@acme/db:dev: cache bypass, force executing b4eeaf992c798656
@acme/nextjs:dev: 
@acme/nextjs:dev: > @acme/nextjs@0.1.0 dev /workspace/apps/nextjs
@acme/nextjs:dev: > pnpm with-env next dev --turbopack
@acme/nextjs:dev: 
@acme/nextjs:dev: 
@acme/nextjs:dev: > @acme/nextjs@0.1.0 with-env /workspace/apps/nextjs
@acme/nextjs:dev: > dotenv -e ../../.env -- next dev --turbopack
@acme/nextjs:dev: 
@acme/nextjs:dev: ❌ Invalid environment variables: [
@acme/nextjs:dev:   {
@acme/nextjs:dev:     expected: 'string',
@acme/nextjs:dev:     code: 'invalid_type',
@acme/nextjs:dev:     path: [ 'AUTH_DISCORD_ID' ],
@acme/nextjs:dev:     message: 'Invalid input: expected string, received undefined'
@acme/nextjs:dev:   },
@acme/nextjs:dev:   {
@acme/nextjs:dev:     expected: 'string',
@acme/nextjs:dev:     code: 'invalid_type',
@acme/nextjs:dev:     path: [ 'AUTH_DISCORD_SECRET' ],
@acme/nextjs:dev:     message: 'Invalid input: expected string, received undefined'
@acme/nextjs:dev:   }
@acme/nextjs:dev: ]
@acme/nextjs:dev: file:///workspace/node_modules/@t3-oss/env-core/dist/src-Bb3GbGAa.js:54
@acme/nextjs:dev: 		throw new Error("Invalid environment variables");
@acme/nextjs:dev: 		      ^
@acme/nextjs:dev: 
@acme/nextjs:dev: Error: Invalid environment variables
@acme/nextjs:dev:     at onValidationError (file:///workspace/node_modules/@t3-oss/env-core/dist/src-Bb3GbGAa.js:54:9)
@acme/nextjs:dev:     at createEnv (file:///workspace/node_modules/@t3-oss/env-core/dist/src-Bb3GbGAa.js:59:28)
@acme/nextjs:dev:     at createEnv (file:///workspace/node_modules/@t3-oss/env-nextjs/dist/index.js:16:9)
@acme/nextjs:dev:     at authEnv (/workspace/packages/auth/env.ts:5:35)
@acme/nextjs:dev:     at /workspace/apps/nextjs/src/env.ts:8:30
@acme/nextjs:dev:     at async Function.import (/workspace/node_modules/jiti/dist/jiti.cjs:1:199772)
@acme/nextjs:dev:     at async file:///workspace/apps/nextjs/next.config.js:6:1
@acme/nextjs:dev: 
@acme/nextjs:dev: Node.js v22.16.0
@acme/nextjs:dev:  ELIFECYCLE  Command failed with exit code 1.
@acme/nextjs:dev:  ELIFECYCLE  Command failed with exit code 1.
@acme/nextjs:dev: ERROR: command finished with error: command (/workspace/apps/nextjs) /home/ubuntu/.nvm/versions/node/v22.16.0/bin/pnpm run dev exited (1)
@acme/nextjs#dev: command (/workspace/apps/nextjs) /home/ubuntu/.nvm/versions/node/v22.16.0/bin/pnpm run dev exited (1)
